<?xml version="1.0" encoding="UTF-8"?>
<!-- Generated by org.testng.reporters.JUnitReportReporter -->
<testsuite hostname="alayp78" failures="0" tests="4" name="SongDatabaseTest" time="0.009" errors="0" timestamp="2021-08-20T10:59:07 EDT" skipped="0">
  <testcase classname="SongDatabaseTest" name="testAddDeleteSong" time="0.007"/>
  <system-out/>
  <testcase classname="SongDatabaseTest" name="testFindingSongs" time="0.001"/>
  <system-out/>
  <testcase classname="SongDatabaseTest" name="testAddGetDeletePlaylist" time="0.000"/>
  <system-out/>
  <testcase classname="SongDatabaseTest" name="testAddDeleteSongFromPlaylist" time="0.001"/>
  <system-out/>
</testsuite> <!-- SongDatabaseTest -->
