<?xml version="1.0" encoding="UTF-8"?>
<!-- Generated by org.testng.reporters.JUnitReportReporter -->
<testsuite hostname="alayp78" failures="0" tests="3" name="SongTest" time="0.008" errors="0" timestamp="2021-08-20T10:59:13 EDT" skipped="0">
  <testcase classname="SongTest" name="testEquals" time="0.007"/>
  <system-out/>
  <testcase classname="SongTest" name="testGetters" time="0.000"/>
  <system-out/>
  <testcase classname="SongTest" name="testToString" time="0.001"/>
  <system-out/>
</testsuite> <!-- SongTest -->
